2024/08/29 10:56:09 [notice] 1#1: using the "epoll" event method
2024/08/29 10:56:09 [notice] 1#1: nginx/1.27.1
2024/08/29 10:56:09 [notice] 1#1: built by gcc 13.2.1 20240309 (Alpine 13.2.1_git20240309) 
2024/08/29 10:56:09 [notice] 1#1: OS: Linux 6.1.0-21-amd64
2024/08/29 10:56:09 [notice] 1#1: getrlimit(RLIMIT_NOFILE): 1048576:1048576
2024/08/29 10:56:09 [notice] 1#1: start worker processes
2024/08/29 10:56:09 [notice] 1#1: start worker process 29
2024/08/29 10:56:09 [notice] 1#1: start worker process 30
2024/08/29 10:56:09 [notice] 1#1: start worker process 31
2024/08/29 10:56:09 [notice] 1#1: start worker process 32
2024/08/29 10:58:06 [notice] 1#1: using the "epoll" event method
2024/08/29 10:58:06 [notice] 1#1: nginx/1.27.1
2024/08/29 10:58:06 [notice] 1#1: built by gcc 13.2.1 20240309 (Alpine 13.2.1_git20240309) 
2024/08/29 10:58:06 [notice] 1#1: OS: Linux 6.1.0-21-amd64
2024/08/29 10:58:06 [notice] 1#1: getrlimit(RLIMIT_NOFILE): 1048576:1048576
2024/08/29 10:58:06 [notice] 1#1: start worker processes
2024/08/29 10:58:06 [notice] 1#1: start worker process 29
2024/08/29 10:58:06 [notice] 1#1: start worker process 30
2024/08/29 10:58:06 [notice] 1#1: start worker process 31
2024/08/29 10:58:06 [notice] 1#1: start worker process 32
2024/08/29 11:01:24 [notice] 1#1: using the "epoll" event method
2024/08/29 11:01:24 [notice] 1#1: nginx/1.27.1
2024/08/29 11:01:24 [notice] 1#1: built by gcc 13.2.1 20240309 (Alpine 13.2.1_git20240309) 
2024/08/29 11:01:24 [notice] 1#1: OS: Linux 6.1.0-21-amd64
2024/08/29 11:01:24 [notice] 1#1: getrlimit(RLIMIT_NOFILE): 1048576:1048576
2024/08/29 11:01:24 [notice] 1#1: start worker processes
2024/08/29 11:01:24 [notice] 1#1: start worker process 29
2024/08/29 11:01:24 [notice] 1#1: start worker process 30
2024/08/29 11:01:24 [notice] 1#1: start worker process 31
2024/08/29 11:01:24 [notice] 1#1: start worker process 32
2024/08/29 11:04:44 [notice] 1#1: signal 3 (SIGQUIT) received, shutting down
2024/08/29 11:04:44 [notice] 30#30: gracefully shutting down
2024/08/29 11:04:44 [notice] 29#29: gracefully shutting down
2024/08/29 11:04:44 [notice] 30#30: exiting
2024/08/29 11:04:44 [notice] 29#29: exiting
2024/08/29 11:04:44 [notice] 30#30: exit
2024/08/29 11:04:44 [notice] 29#29: exit
2024/08/29 11:04:44 [notice] 31#31: gracefully shutting down
2024/08/29 11:04:44 [notice] 32#32: gracefully shutting down
2024/08/29 11:04:44 [notice] 31#31: exiting
2024/08/29 11:04:44 [notice] 32#32: exiting
2024/08/29 11:04:44 [notice] 31#31: exit
2024/08/29 11:04:44 [notice] 32#32: exit
2024/08/29 11:04:44 [notice] 1#1: signal 17 (SIGCHLD) received from 32
2024/08/29 11:04:44 [notice] 1#1: worker process 32 exited with code 0
2024/08/29 11:04:44 [notice] 1#1: signal 29 (SIGIO) received
2024/08/29 11:04:44 [notice] 1#1: signal 17 (SIGCHLD) received from 30
2024/08/29 11:04:44 [notice] 1#1: worker process 30 exited with code 0
2024/08/29 11:04:44 [notice] 1#1: signal 29 (SIGIO) received
2024/08/29 11:04:44 [notice] 1#1: signal 17 (SIGCHLD) received from 29
2024/08/29 11:04:44 [notice] 1#1: worker process 29 exited with code 0
2024/08/29 11:04:44 [notice] 1#1: worker process 31 exited with code 0
2024/08/29 11:04:44 [notice] 1#1: exit
2024/08/29 11:04:45 [notice] 1#1: using the "epoll" event method
2024/08/29 11:04:45 [notice] 1#1: nginx/1.27.1
2024/08/29 11:04:45 [notice] 1#1: built by gcc 13.2.1 20240309 (Alpine 13.2.1_git20240309) 
2024/08/29 11:04:45 [notice] 1#1: OS: Linux 6.1.0-21-amd64
2024/08/29 11:04:45 [notice] 1#1: getrlimit(RLIMIT_NOFILE): 1048576:1048576
2024/08/29 11:04:45 [notice] 1#1: start worker processes
2024/08/29 11:04:45 [notice] 1#1: start worker process 30
2024/08/29 11:04:45 [notice] 1#1: start worker process 31
2024/08/29 11:04:45 [notice] 1#1: start worker process 32
2024/08/29 11:04:45 [notice] 1#1: start worker process 33
2024/08/29 11:05:12 [notice] 1#1: using the "epoll" event method
2024/08/29 11:05:12 [notice] 1#1: nginx/1.27.1
2024/08/29 11:05:12 [notice] 1#1: built by gcc 13.2.1 20240309 (Alpine 13.2.1_git20240309) 
2024/08/29 11:05:12 [notice] 1#1: OS: Linux 6.1.0-21-amd64
2024/08/29 11:05:12 [notice] 1#1: getrlimit(RLIMIT_NOFILE): 1048576:1048576
2024/08/29 11:05:12 [notice] 1#1: start worker processes
2024/08/29 11:05:12 [notice] 1#1: start worker process 29
2024/08/29 11:05:12 [notice] 1#1: start worker process 30
2024/08/29 11:05:12 [notice] 1#1: start worker process 31
2024/08/29 11:05:12 [notice] 1#1: start worker process 32
2024/08/29 11:08:01 [warn] 29#29: *5 an upstream response is buffered to a temporary file /var/cache/nginx/fastcgi_temp/1/00/0000000001 while reading upstream, client: 172.21.0.1, server: , request: "GET / HTTP/1.0", upstream: "fastcgi://172.21.0.4:9000", host: "graphics.wsofter.com"
2024/08/29 13:12:15 [warn] 32#32: *240 an upstream response is buffered to a temporary file /var/cache/nginx/fastcgi_temp/2/00/0000000002 while reading upstream, client: 172.21.0.1, server: , request: "GET / HTTP/1.0", upstream: "fastcgi://172.21.0.4:9000", host: "graphics.wsofter.com", referrer: "https://graphics.wsofter.com/login"
2024/08/29 13:47:13 [warn] 30#30: *395 an upstream response is buffered to a temporary file /var/cache/nginx/fastcgi_temp/3/00/0000000003 while reading upstream, client: 172.21.0.1, server: , request: "GET /power HTTP/1.0", upstream: "fastcgi://172.21.0.4:9000", host: "graphics.wsofter.com", referrer: "https://graphics.wsofter.com/"
2024/08/30 13:10:58 [notice] 1#1: using the "epoll" event method
2024/08/30 13:10:58 [notice] 1#1: nginx/1.27.1
2024/08/30 13:10:58 [notice] 1#1: built by gcc 13.2.1 20240309 (Alpine 13.2.1_git20240309) 
2024/08/30 13:10:58 [notice] 1#1: OS: Linux 6.1.0-21-amd64
2024/08/30 13:10:58 [notice] 1#1: getrlimit(RLIMIT_NOFILE): 1048576:1048576
2024/08/30 13:10:58 [notice] 1#1: start worker processes
2024/08/30 13:10:58 [notice] 1#1: start worker process 29
2024/08/30 13:10:58 [notice] 1#1: start worker process 30
2024/08/30 13:10:58 [notice] 1#1: start worker process 31
2024/08/30 13:10:58 [notice] 1#1: start worker process 32
2024/08/30 13:13:06 [notice] 1#1: using the "epoll" event method
2024/08/30 13:13:06 [notice] 1#1: nginx/1.27.1
2024/08/30 13:13:06 [notice] 1#1: built by gcc 13.2.1 20240309 (Alpine 13.2.1_git20240309) 
2024/08/30 13:13:06 [notice] 1#1: OS: Linux 6.1.0-21-amd64
2024/08/30 13:13:06 [notice] 1#1: getrlimit(RLIMIT_NOFILE): 1048576:1048576
2024/08/30 13:13:06 [notice] 1#1: start worker processes
2024/08/30 13:13:06 [notice] 1#1: start worker process 29
2024/08/30 13:13:06 [notice] 1#1: start worker process 30
2024/08/30 13:13:06 [notice] 1#1: start worker process 31
2024/08/30 13:13:06 [notice] 1#1: start worker process 32
2024/08/30 13:16:52 [notice] 1#1: using the "epoll" event method
2024/08/30 13:16:52 [notice] 1#1: nginx/1.27.1
2024/08/30 13:16:52 [notice] 1#1: built by gcc 13.2.1 20240309 (Alpine 13.2.1_git20240309) 
2024/08/30 13:16:52 [notice] 1#1: OS: Linux 6.1.0-21-amd64
2024/08/30 13:16:52 [notice] 1#1: getrlimit(RLIMIT_NOFILE): 1048576:1048576
2024/08/30 13:16:52 [notice] 1#1: start worker processes
2024/08/30 13:16:52 [notice] 1#1: start worker process 28
2024/08/30 13:16:52 [notice] 1#1: start worker process 29
2024/08/30 13:16:52 [notice] 1#1: start worker process 30
2024/08/30 13:16:52 [notice] 1#1: start worker process 31
2024/08/30 20:02:07 [notice] 1#1: signal 3 (SIGQUIT) received, shutting down
2024/08/30 20:02:07 [notice] 28#28: gracefully shutting down
2024/08/30 20:02:07 [notice] 28#28: exiting
2024/08/30 20:02:07 [notice] 29#29: gracefully shutting down
2024/08/30 20:02:07 [notice] 29#29: exiting
2024/08/30 20:02:07 [notice] 30#30: gracefully shutting down
2024/08/30 20:02:07 [notice] 30#30: exiting
2024/08/30 20:02:07 [notice] 30#30: exit
2024/08/30 20:02:07 [notice] 29#29: exit
2024/08/30 20:02:07 [notice] 28#28: exit
2024/08/30 20:02:07 [notice] 31#31: gracefully shutting down
2024/08/30 20:02:07 [notice] 31#31: exiting
2024/08/30 20:02:07 [notice] 31#31: exit
2024/08/30 20:02:07 [notice] 1#1: signal 17 (SIGCHLD) received from 31
2024/08/30 20:02:07 [notice] 1#1: worker process 31 exited with code 0
2024/08/30 20:02:07 [notice] 1#1: signal 29 (SIGIO) received
2024/08/30 20:02:07 [notice] 1#1: signal 17 (SIGCHLD) received from 30
2024/08/30 20:02:07 [notice] 1#1: worker process 29 exited with code 0
2024/08/30 20:02:07 [notice] 1#1: worker process 30 exited with code 0
2024/08/30 20:02:07 [notice] 1#1: signal 29 (SIGIO) received
2024/08/30 20:02:07 [notice] 1#1: signal 17 (SIGCHLD) received from 29
2024/08/30 20:02:07 [notice] 1#1: signal 17 (SIGCHLD) received from 28
2024/08/30 20:02:07 [notice] 1#1: worker process 28 exited with code 0
2024/08/30 20:02:07 [notice] 1#1: exit
2024/08/30 20:12:37 [notice] 1#1: using the "epoll" event method
2024/08/30 20:12:37 [notice] 1#1: nginx/1.27.1
2024/08/30 20:12:37 [notice] 1#1: built by gcc 13.2.1 20240309 (Alpine 13.2.1_git20240309) 
2024/08/30 20:12:37 [notice] 1#1: OS: Linux 6.1.0-21-amd64
2024/08/30 20:12:37 [notice] 1#1: getrlimit(RLIMIT_NOFILE): 1048576:1048576
2024/08/30 20:12:37 [notice] 1#1: start worker processes
2024/08/30 20:12:37 [notice] 1#1: start worker process 29
2024/08/30 20:12:37 [notice] 1#1: start worker process 30
2024/08/30 20:12:37 [notice] 1#1: start worker process 31
2024/08/30 20:12:37 [notice] 1#1: start worker process 32
2024/08/30 21:55:40 [warn] 29#29: *2643 an upstream response is buffered to a temporary file /var/cache/nginx/fastcgi_temp/1/00/0000000001 while reading upstream, client: 172.21.0.1, server: , request: "GET /api/energy/consumpt?format=csv HTTP/1.0", upstream: "fastcgi://172.21.0.4:9000", host: "graphics.wsofter.com"
2024/08/30 22:03:44 [warn] 32#32: *2675 an upstream response is buffered to a temporary file /var/cache/nginx/fastcgi_temp/2/00/0000000002 while reading upstream, client: 172.21.0.1, server: , request: "GET /api/energy/consumpt?format=csv HTTP/1.0", upstream: "fastcgi://172.21.0.4:9000", host: "graphics.wsofter.com"
2024/08/30 22:07:10 [warn] 32#32: *2691 an upstream response is buffered to a temporary file /var/cache/nginx/fastcgi_temp/3/00/0000000003 while reading upstream, client: 172.21.0.1, server: , request: "GET /api/energy/consumpt?format=csv HTTP/1.0", upstream: "fastcgi://172.21.0.4:9000", host: "graphics.wsofter.com"
2024/08/31 13:16:00 [warn] 29#29: *10092 an upstream response is buffered to a temporary file /var/cache/nginx/fastcgi_temp/4/00/0000000004 while reading upstream, client: 172.21.0.1, server: , request: "GET /password HTTP/1.0", upstream: "fastcgi://172.21.0.4:9000", host: "graphics.wsofter.com"
2024/09/02 00:03:30 [notice] 1#1: signal 3 (SIGQUIT) received, shutting down
2024/09/02 00:03:30 [notice] 32#32: gracefully shutting down
2024/09/02 00:03:30 [notice] 31#31: gracefully shutting down
2024/09/02 00:03:30 [notice] 32#32: exiting
2024/09/02 00:03:30 [notice] 29#29: gracefully shutting down
2024/09/02 00:03:30 [notice] 32#32: exit
2024/09/02 00:03:30 [notice] 29#29: exiting
2024/09/02 00:03:30 [notice] 29#29: exit
2024/09/02 00:03:30 [notice] 31#31: exiting
2024/09/02 00:03:30 [notice] 31#31: exit
2024/09/02 00:03:30 [notice] 30#30: gracefully shutting down
2024/09/02 00:03:30 [notice] 30#30: exiting
2024/09/02 00:03:30 [notice] 30#30: exit
2024/09/02 00:03:30 [notice] 1#1: signal 17 (SIGCHLD) received from 29
2024/09/02 00:03:30 [notice] 1#1: worker process 29 exited with code 0
2024/09/02 00:03:30 [notice] 1#1: worker process 30 exited with code 0
2024/09/02 00:03:30 [notice] 1#1: worker process 31 exited with code 0
2024/09/02 00:03:30 [notice] 1#1: signal 29 (SIGIO) received
2024/09/02 00:03:30 [notice] 1#1: signal 17 (SIGCHLD) received from 30
2024/09/02 00:03:30 [notice] 1#1: worker process 32 exited with code 0
2024/09/02 00:03:30 [notice] 1#1: exit
2024/09/02 05:17:58 [emerg] 1#1: host not found in upstream "php" in /etc/nginx/conf.d/default.conf:18
2024/09/02 05:18:05 [notice] 1#1: using the "epoll" event method
2024/09/02 05:18:05 [notice] 1#1: nginx/1.27.1
2024/09/02 05:18:05 [notice] 1#1: built by gcc 13.2.1 20240309 (Alpine 13.2.1_git20240309) 
2024/09/02 05:18:05 [notice] 1#1: OS: Linux 6.1.0-21-amd64
2024/09/02 05:18:05 [notice] 1#1: getrlimit(RLIMIT_NOFILE): 1048576:1048576
2024/09/02 05:18:05 [notice] 1#1: start worker processes
2024/09/02 05:18:05 [notice] 1#1: start worker process 29
2024/09/02 05:18:05 [notice] 1#1: start worker process 30
2024/09/02 05:18:05 [notice] 1#1: start worker process 31
2024/09/02 05:18:05 [notice] 1#1: start worker process 32
2024/09/03 09:02:08 [notice] 1#1: signal 3 (SIGQUIT) received, shutting down
2024/09/03 09:02:08 [notice] 30#30: gracefully shutting down
2024/09/03 09:02:08 [notice] 30#30: exiting
2024/09/03 09:02:08 [notice] 30#30: exit
2024/09/03 09:02:08 [notice] 32#32: gracefully shutting down
2024/09/03 09:02:08 [notice] 32#32: exiting
2024/09/03 09:02:08 [notice] 32#32: exit
2024/09/03 09:02:08 [notice] 31#31: gracefully shutting down
2024/09/03 09:02:08 [notice] 31#31: exiting
2024/09/03 09:02:08 [notice] 31#31: exit
2024/09/03 09:02:08 [notice] 29#29: gracefully shutting down
2024/09/03 09:02:08 [notice] 29#29: exiting
2024/09/03 09:02:08 [notice] 29#29: exit
2024/09/03 09:02:08 [notice] 1#1: signal 17 (SIGCHLD) received from 32
2024/09/03 09:02:08 [notice] 1#1: worker process 32 exited with code 0
2024/09/03 09:02:08 [notice] 1#1: signal 29 (SIGIO) received
2024/09/03 09:02:08 [notice] 1#1: signal 17 (SIGCHLD) received from 29
2024/09/03 09:02:08 [notice] 1#1: worker process 29 exited with code 0
2024/09/03 09:02:08 [notice] 1#1: signal 29 (SIGIO) received
2024/09/03 09:02:08 [notice] 1#1: signal 17 (SIGCHLD) received from 31
2024/09/03 09:02:08 [notice] 1#1: worker process 31 exited with code 0
2024/09/03 09:02:08 [notice] 1#1: signal 29 (SIGIO) received
2024/09/03 09:02:08 [notice] 1#1: signal 17 (SIGCHLD) received from 30
2024/09/03 09:02:08 [notice] 1#1: worker process 30 exited with code 0
2024/09/03 09:02:08 [notice] 1#1: exit
2024/09/04 06:17:46 [notice] 1#1: using the "epoll" event method
2024/09/04 06:17:46 [notice] 1#1: nginx/1.27.1
2024/09/04 06:17:46 [notice] 1#1: built by gcc 13.2.1 20240309 (Alpine 13.2.1_git20240309) 
2024/09/04 06:17:46 [notice] 1#1: OS: Linux 6.1.0-21-amd64
2024/09/04 06:17:46 [notice] 1#1: getrlimit(RLIMIT_NOFILE): 1048576:1048576
2024/09/04 06:17:46 [notice] 1#1: start worker processes
2024/09/04 06:17:46 [notice] 1#1: start worker process 29
2024/09/04 06:17:46 [notice] 1#1: start worker process 30
2024/09/04 06:17:46 [notice] 1#1: start worker process 31
2024/09/04 06:17:46 [notice] 1#1: start worker process 32
2024/09/05 01:02:03 [notice] 1#1: signal 3 (SIGQUIT) received, shutting down
2024/09/05 01:02:03 [notice] 29#29: gracefully shutting down
2024/09/05 01:02:03 [notice] 29#29: exiting
2024/09/05 01:02:03 [notice] 30#30: gracefully shutting down
2024/09/05 01:02:03 [notice] 29#29: exit
2024/09/05 01:02:03 [notice] 30#30: exiting
2024/09/05 01:02:03 [notice] 30#30: exit
2024/09/05 01:02:03 [notice] 31#31: gracefully shutting down
2024/09/05 01:02:03 [notice] 31#31: exiting
2024/09/05 01:02:03 [notice] 31#31: exit
2024/09/05 01:02:03 [notice] 32#32: gracefully shutting down
2024/09/05 01:02:03 [notice] 32#32: exiting
2024/09/05 01:02:03 [notice] 32#32: exit
2024/09/05 01:02:03 [notice] 1#1: signal 17 (SIGCHLD) received from 30
2024/09/05 01:02:03 [notice] 1#1: worker process 30 exited with code 0
2024/09/05 01:02:03 [notice] 1#1: signal 29 (SIGIO) received
2024/09/05 01:02:03 [notice] 1#1: signal 17 (SIGCHLD) received from 29
2024/09/05 01:02:03 [notice] 1#1: worker process 29 exited with code 0
2024/09/05 01:02:03 [notice] 1#1: signal 29 (SIGIO) received
2024/09/05 01:02:03 [notice] 1#1: signal 17 (SIGCHLD) received from 32
2024/09/05 01:02:03 [notice] 1#1: worker process 31 exited with code 0
2024/09/05 01:02:03 [notice] 1#1: worker process 32 exited with code 0
2024/09/05 01:02:03 [notice] 1#1: exit
